2018-02-24 16:23:13  [ main:0 ] - [ DEBUG ]  Logging initialized using 'class org.apache.ibatis.logging.slf4j.Slf4jImpl' adapter.
2018-02-24 16:23:13  [ main:445 ] - [ DEBUG ]  PooledDataSource forcefully closed/removed all connections.
2018-02-24 16:23:13  [ main:445 ] - [ DEBUG ]  PooledDataSource forcefully closed/removed all connections.
2018-02-24 16:23:13  [ main:445 ] - [ DEBUG ]  PooledDataSource forcefully closed/removed all connections.
2018-02-24 16:23:13  [ main:446 ] - [ DEBUG ]  PooledDataSource forcefully closed/removed all connections.
2018-02-24 16:23:13  [ main:557 ] - [ DEBUG ]  Opening JDBC Connection
2018-02-24 16:23:14  [ main:965 ] - [ DEBUG ]  Created connection 1113619023.
2018-02-24 16:23:14  [ main:966 ] - [ DEBUG ]  Setting autocommit to false on JDBC Connection [com.mysql.jdbc.JDBC4Connection@42607a4f]
2018-02-24 16:23:14  [ main:969 ] - [ DEBUG ]  ==>  Preparing: INSERT INTO user(username,userage)VALUES(?,?) 
2018-02-24 16:23:14  [ main:1020 ] - [ DEBUG ]  ==> Parameters: 黑黑(String), 22(Integer)
2018-02-24 16:23:14  [ main:1021 ] - [ DEBUG ]  <==    Updates: 1
2018-02-24 16:23:14  [ main:1022 ] - [ DEBUG ]  Committing JDBC Connection [com.mysql.jdbc.JDBC4Connection@42607a4f]
2018-02-24 16:23:14  [ main:1056 ] - [ DEBUG ]  Resetting autocommit to true on JDBC Connection [com.mysql.jdbc.JDBC4Connection@42607a4f]
2018-02-24 16:23:14  [ main:1059 ] - [ DEBUG ]  Closing JDBC Connection [com.mysql.jdbc.JDBC4Connection@42607a4f]
2018-02-24 16:23:14  [ main:1060 ] - [ DEBUG ]  Returned connection 1113619023 to pool.
2018-02-24 16:52:14  [ main:0 ] - [ DEBUG ]  Logging initialized using 'class org.apache.ibatis.logging.slf4j.Slf4jImpl' adapter.
2018-02-24 16:52:15  [ main:173 ] - [ DEBUG ]  PooledDataSource forcefully closed/removed all connections.
2018-02-24 16:52:15  [ main:175 ] - [ DEBUG ]  PooledDataSource forcefully closed/removed all connections.
2018-02-24 16:52:15  [ main:175 ] - [ DEBUG ]  PooledDataSource forcefully closed/removed all connections.
2018-02-24 16:52:15  [ main:176 ] - [ DEBUG ]  PooledDataSource forcefully closed/removed all connections.
2018-02-24 16:53:57  [ main:0 ] - [ DEBUG ]  Logging initialized using 'class org.apache.ibatis.logging.slf4j.Slf4jImpl' adapter.
2018-02-24 16:53:57  [ main:135 ] - [ DEBUG ]  PooledDataSource forcefully closed/removed all connections.
2018-02-24 16:53:57  [ main:136 ] - [ DEBUG ]  PooledDataSource forcefully closed/removed all connections.
2018-02-24 16:53:57  [ main:136 ] - [ DEBUG ]  PooledDataSource forcefully closed/removed all connections.
2018-02-24 16:53:57  [ main:137 ] - [ DEBUG ]  PooledDataSource forcefully closed/removed all connections.
2018-02-24 16:54:33  [ main:0 ] - [ DEBUG ]  Logging initialized using 'class org.apache.ibatis.logging.slf4j.Slf4jImpl' adapter.
2018-02-24 16:54:33  [ main:153 ] - [ DEBUG ]  PooledDataSource forcefully closed/removed all connections.
2018-02-24 16:54:33  [ main:153 ] - [ DEBUG ]  PooledDataSource forcefully closed/removed all connections.
2018-02-24 16:54:33  [ main:154 ] - [ DEBUG ]  PooledDataSource forcefully closed/removed all connections.
2018-02-24 16:54:33  [ main:154 ] - [ DEBUG ]  PooledDataSource forcefully closed/removed all connections.
2018-02-24 16:54:33  [ main:252 ] - [ DEBUG ]  Opening JDBC Connection
2018-02-24 16:54:33  [ main:571 ] - [ DEBUG ]  Created connection 428910174.
2018-02-24 16:54:33  [ main:571 ] - [ DEBUG ]  Setting autocommit to false on JDBC Connection [com.mysql.jdbc.JDBC4Connection@1990a65e]
2018-02-24 16:54:33  [ main:574 ] - [ DEBUG ]  ==>  Preparing: UPDATE user set username=? where userid=? 
2018-02-24 16:54:33  [ main:613 ] - [ DEBUG ]  Committing JDBC Connection [com.mysql.jdbc.JDBC4Connection@1990a65e]
2018-02-24 16:54:33  [ main:614 ] - [ DEBUG ]  Resetting autocommit to true on JDBC Connection [com.mysql.jdbc.JDBC4Connection@1990a65e]
2018-02-24 16:54:33  [ main:615 ] - [ DEBUG ]  Closing JDBC Connection [com.mysql.jdbc.JDBC4Connection@1990a65e]
2018-02-24 16:54:33  [ main:617 ] - [ DEBUG ]  Returned connection 428910174 to pool.
2018-02-24 16:58:00  [ main:0 ] - [ DEBUG ]  Logging initialized using 'class org.apache.ibatis.logging.slf4j.Slf4jImpl' adapter.
2018-02-24 16:58:00  [ main:134 ] - [ DEBUG ]  PooledDataSource forcefully closed/removed all connections.
2018-02-24 16:58:00  [ main:135 ] - [ DEBUG ]  PooledDataSource forcefully closed/removed all connections.
2018-02-24 16:58:00  [ main:135 ] - [ DEBUG ]  PooledDataSource forcefully closed/removed all connections.
2018-02-24 16:58:00  [ main:136 ] - [ DEBUG ]  PooledDataSource forcefully closed/removed all connections.
2018-02-24 16:58:00  [ main:231 ] - [ DEBUG ]  Opening JDBC Connection
2018-02-24 16:58:00  [ main:559 ] - [ DEBUG ]  Created connection 428910174.
2018-02-24 16:58:00  [ main:559 ] - [ DEBUG ]  Setting autocommit to false on JDBC Connection [com.mysql.jdbc.JDBC4Connection@1990a65e]
2018-02-24 16:58:00  [ main:562 ] - [ DEBUG ]  ==>  Preparing: UPDATE user SET username=?,userage=? WHERE userid=? 
2018-02-24 16:58:00  [ main:609 ] - [ DEBUG ]  Committing JDBC Connection [com.mysql.jdbc.JDBC4Connection@1990a65e]
2018-02-24 16:58:00  [ main:611 ] - [ DEBUG ]  Resetting autocommit to true on JDBC Connection [com.mysql.jdbc.JDBC4Connection@1990a65e]
2018-02-24 16:58:00  [ main:611 ] - [ DEBUG ]  Closing JDBC Connection [com.mysql.jdbc.JDBC4Connection@1990a65e]
2018-02-24 16:58:00  [ main:613 ] - [ DEBUG ]  Returned connection 428910174 to pool.
2018-02-24 16:58:52  [ main:1 ] - [ DEBUG ]  Logging initialized using 'class org.apache.ibatis.logging.slf4j.Slf4jImpl' adapter.
2018-02-24 16:58:52  [ main:143 ] - [ DEBUG ]  PooledDataSource forcefully closed/removed all connections.
2018-02-24 16:58:52  [ main:144 ] - [ DEBUG ]  PooledDataSource forcefully closed/removed all connections.
2018-02-24 16:58:52  [ main:144 ] - [ DEBUG ]  PooledDataSource forcefully closed/removed all connections.
2018-02-24 16:58:52  [ main:144 ] - [ DEBUG ]  PooledDataSource forcefully closed/removed all connections.
2018-02-24 16:58:52  [ main:236 ] - [ DEBUG ]  Opening JDBC Connection
2018-02-24 16:58:53  [ main:576 ] - [ DEBUG ]  Created connection 428910174.
2018-02-24 16:58:53  [ main:577 ] - [ DEBUG ]  Setting autocommit to false on JDBC Connection [com.mysql.jdbc.JDBC4Connection@1990a65e]
2018-02-24 16:58:53  [ main:581 ] - [ DEBUG ]  ==>  Preparing: UPDATE user SET username=?,userage=? WHERE userid=? 
2018-02-24 16:58:53  [ main:626 ] - [ DEBUG ]  Rolling back JDBC Connection [com.mysql.jdbc.JDBC4Connection@1990a65e]
2018-02-24 16:58:53  [ main:627 ] - [ DEBUG ]  Resetting autocommit to true on JDBC Connection [com.mysql.jdbc.JDBC4Connection@1990a65e]
2018-02-24 16:58:53  [ main:641 ] - [ DEBUG ]  Closing JDBC Connection [com.mysql.jdbc.JDBC4Connection@1990a65e]
2018-02-24 16:58:53  [ main:643 ] - [ DEBUG ]  Returned connection 428910174 to pool.
2018-02-24 17:02:14  [ main:0 ] - [ DEBUG ]  Logging initialized using 'class org.apache.ibatis.logging.slf4j.Slf4jImpl' adapter.
2018-02-24 17:02:14  [ main:186 ] - [ DEBUG ]  PooledDataSource forcefully closed/removed all connections.
2018-02-24 17:02:14  [ main:187 ] - [ DEBUG ]  PooledDataSource forcefully closed/removed all connections.
2018-02-24 17:02:14  [ main:189 ] - [ DEBUG ]  PooledDataSource forcefully closed/removed all connections.
2018-02-24 17:02:14  [ main:190 ] - [ DEBUG ]  PooledDataSource forcefully closed/removed all connections.
2018-02-24 17:02:14  [ main:305 ] - [ DEBUG ]  Opening JDBC Connection
2018-02-24 17:02:14  [ main:628 ] - [ DEBUG ]  Created connection 428910174.
2018-02-24 17:02:14  [ main:628 ] - [ DEBUG ]  Setting autocommit to false on JDBC Connection [com.mysql.jdbc.JDBC4Connection@1990a65e]
2018-02-24 17:02:14  [ main:631 ] - [ DEBUG ]  ==>  Preparing: UPDATE user SET username=?,userage=? WHERE userid=? 
2018-02-24 17:05:11  [ main:0 ] - [ DEBUG ]  Logging initialized using 'class org.apache.ibatis.logging.slf4j.Slf4jImpl' adapter.
2018-02-24 17:05:11  [ main:159 ] - [ DEBUG ]  PooledDataSource forcefully closed/removed all connections.
2018-02-24 17:05:11  [ main:159 ] - [ DEBUG ]  PooledDataSource forcefully closed/removed all connections.
2018-02-24 17:05:11  [ main:160 ] - [ DEBUG ]  PooledDataSource forcefully closed/removed all connections.
2018-02-24 17:05:11  [ main:160 ] - [ DEBUG ]  PooledDataSource forcefully closed/removed all connections.
2018-02-24 17:05:11  [ main:248 ] - [ DEBUG ]  Opening JDBC Connection
2018-02-24 17:05:11  [ main:563 ] - [ DEBUG ]  Created connection 428910174.
2018-02-24 17:05:11  [ main:563 ] - [ DEBUG ]  Setting autocommit to false on JDBC Connection [com.mysql.jdbc.JDBC4Connection@1990a65e]
2018-02-24 17:05:11  [ main:566 ] - [ DEBUG ]  ==>  Preparing: UPDATE user SET username=?,userage=? WHERE userid=? 
2018-02-24 17:09:05  [ main:0 ] - [ DEBUG ]  Logging initialized using 'class org.apache.ibatis.logging.slf4j.Slf4jImpl' adapter.
2018-02-24 17:09:05  [ main:154 ] - [ DEBUG ]  PooledDataSource forcefully closed/removed all connections.
2018-02-24 17:09:05  [ main:155 ] - [ DEBUG ]  PooledDataSource forcefully closed/removed all connections.
2018-02-24 17:09:05  [ main:155 ] - [ DEBUG ]  PooledDataSource forcefully closed/removed all connections.
2018-02-24 17:09:05  [ main:156 ] - [ DEBUG ]  PooledDataSource forcefully closed/removed all connections.
2018-02-24 17:09:05  [ main:271 ] - [ DEBUG ]  PooledDataSource forcefully closed/removed all connections.
2018-02-24 17:09:05  [ main:273 ] - [ DEBUG ]  PooledDataSource forcefully closed/removed all connections.
2018-02-24 17:09:05  [ main:274 ] - [ DEBUG ]  PooledDataSource forcefully closed/removed all connections.
2018-02-24 17:09:05  [ main:274 ] - [ DEBUG ]  PooledDataSource forcefully closed/removed all connections.
2018-02-24 17:09:05  [ main:300 ] - [ DEBUG ]  Opening JDBC Connection
2018-02-24 17:09:06  [ main:623 ] - [ DEBUG ]  Created connection 775931202.
2018-02-24 17:09:06  [ main:625 ] - [ DEBUG ]  Setting autocommit to false on JDBC Connection [com.mysql.jdbc.JDBC4Connection@2e3fc542]
2018-02-24 17:09:06  [ main:628 ] - [ DEBUG ]  ==>  Preparing: UPDATE user SET username=?,userage=? WHERE userid=? 
2018-02-24 17:09:06  [ main:680 ] - [ DEBUG ]  ==> Parameters: 大黑(String), 20(Integer), 9(Integer)
2018-02-24 17:09:06  [ main:683 ] - [ DEBUG ]  <==    Updates: 1
2018-02-24 17:09:06  [ main:684 ] - [ DEBUG ]  Committing JDBC Connection [com.mysql.jdbc.JDBC4Connection@2e3fc542]
2018-02-24 17:09:06  [ main:727 ] - [ DEBUG ]  Resetting autocommit to true on JDBC Connection [com.mysql.jdbc.JDBC4Connection@2e3fc542]
2018-02-24 17:09:06  [ main:729 ] - [ DEBUG ]  Closing JDBC Connection [com.mysql.jdbc.JDBC4Connection@2e3fc542]
2018-02-24 17:09:06  [ main:729 ] - [ DEBUG ]  Returned connection 775931202 to pool.
2018-02-24 17:09:34  [ main:0 ] - [ DEBUG ]  Logging initialized using 'class org.apache.ibatis.logging.slf4j.Slf4jImpl' adapter.
2018-02-24 17:09:34  [ main:139 ] - [ DEBUG ]  PooledDataSource forcefully closed/removed all connections.
2018-02-24 17:09:34  [ main:140 ] - [ DEBUG ]  PooledDataSource forcefully closed/removed all connections.
2018-02-24 17:09:34  [ main:140 ] - [ DEBUG ]  PooledDataSource forcefully closed/removed all connections.
2018-02-24 17:09:34  [ main:140 ] - [ DEBUG ]  PooledDataSource forcefully closed/removed all connections.
2018-02-24 17:09:34  [ main:229 ] - [ DEBUG ]  PooledDataSource forcefully closed/removed all connections.
2018-02-24 17:09:34  [ main:230 ] - [ DEBUG ]  PooledDataSource forcefully closed/removed all connections.
2018-02-24 17:09:34  [ main:231 ] - [ DEBUG ]  PooledDataSource forcefully closed/removed all connections.
2018-02-24 17:09:34  [ main:231 ] - [ DEBUG ]  PooledDataSource forcefully closed/removed all connections.
2018-02-24 17:09:34  [ main:257 ] - [ DEBUG ]  Opening JDBC Connection
2018-02-24 17:09:34  [ main:607 ] - [ DEBUG ]  Created connection 775931202.
2018-02-24 17:09:34  [ main:608 ] - [ DEBUG ]  Setting autocommit to false on JDBC Connection [com.mysql.jdbc.JDBC4Connection@2e3fc542]
2018-02-24 17:09:34  [ main:611 ] - [ DEBUG ]  ==>  Preparing: UPDATE user SET username=?,userage=? WHERE userid=? 
2018-02-24 17:09:34  [ main:653 ] - [ DEBUG ]  ==> Parameters: 大黑(String), 220(Integer), 9(Integer)
2018-02-24 17:09:34  [ main:656 ] - [ DEBUG ]  <==    Updates: 1
2018-02-24 17:09:34  [ main:657 ] - [ DEBUG ]  Committing JDBC Connection [com.mysql.jdbc.JDBC4Connection@2e3fc542]
2018-02-24 17:09:34  [ main:724 ] - [ DEBUG ]  Resetting autocommit to true on JDBC Connection [com.mysql.jdbc.JDBC4Connection@2e3fc542]
2018-02-24 17:09:34  [ main:725 ] - [ DEBUG ]  Closing JDBC Connection [com.mysql.jdbc.JDBC4Connection@2e3fc542]
2018-02-24 17:09:34  [ main:725 ] - [ DEBUG ]  Returned connection 775931202 to pool.
2018-02-24 17:11:36  [ main:0 ] - [ DEBUG ]  Logging initialized using 'class org.apache.ibatis.logging.slf4j.Slf4jImpl' adapter.
2018-02-24 17:11:36  [ main:139 ] - [ DEBUG ]  PooledDataSource forcefully closed/removed all connections.
2018-02-24 17:11:36  [ main:140 ] - [ DEBUG ]  PooledDataSource forcefully closed/removed all connections.
2018-02-24 17:11:36  [ main:140 ] - [ DEBUG ]  PooledDataSource forcefully closed/removed all connections.
2018-02-24 17:11:36  [ main:141 ] - [ DEBUG ]  PooledDataSource forcefully closed/removed all connections.
2018-02-24 17:11:36  [ main:233 ] - [ DEBUG ]  Opening JDBC Connection
2018-02-24 17:11:36  [ main:568 ] - [ DEBUG ]  Created connection 428910174.
2018-02-24 17:11:36  [ main:569 ] - [ DEBUG ]  Setting autocommit to false on JDBC Connection [com.mysql.jdbc.JDBC4Connection@1990a65e]
2018-02-24 17:11:36  [ main:573 ] - [ DEBUG ]  ==>  Preparing: UPDATE user SET username=?,userage=? WHERE userid=? 
2018-02-24 17:14:58  [ main:0 ] - [ DEBUG ]  Logging initialized using 'class org.apache.ibatis.logging.slf4j.Slf4jImpl' adapter.
2018-02-24 17:14:58  [ main:142 ] - [ DEBUG ]  PooledDataSource forcefully closed/removed all connections.
2018-02-24 17:14:58  [ main:142 ] - [ DEBUG ]  PooledDataSource forcefully closed/removed all connections.
2018-02-24 17:14:58  [ main:143 ] - [ DEBUG ]  PooledDataSource forcefully closed/removed all connections.
2018-02-24 17:14:58  [ main:144 ] - [ DEBUG ]  PooledDataSource forcefully closed/removed all connections.
2018-02-24 17:14:58  [ main:233 ] - [ DEBUG ]  Opening JDBC Connection
2018-02-24 17:14:59  [ main:590 ] - [ DEBUG ]  Created connection 428910174.
2018-02-24 17:14:59  [ main:591 ] - [ DEBUG ]  Setting autocommit to false on JDBC Connection [com.mysql.jdbc.JDBC4Connection@1990a65e]
2018-02-24 17:14:59  [ main:594 ] - [ DEBUG ]  ==>  Preparing: UPDATE user SET username=?,userage=? WHERE userid=? 
2018-02-24 17:18:12  [ main:0 ] - [ DEBUG ]  Logging initialized using 'class org.apache.ibatis.logging.slf4j.Slf4jImpl' adapter.
2018-02-24 17:18:13  [ main:155 ] - [ DEBUG ]  PooledDataSource forcefully closed/removed all connections.
2018-02-24 17:18:13  [ main:155 ] - [ DEBUG ]  PooledDataSource forcefully closed/removed all connections.
2018-02-24 17:18:13  [ main:156 ] - [ DEBUG ]  PooledDataSource forcefully closed/removed all connections.
2018-02-24 17:18:13  [ main:156 ] - [ DEBUG ]  PooledDataSource forcefully closed/removed all connections.
2018-02-24 17:18:13  [ main:244 ] - [ DEBUG ]  Opening JDBC Connection
2018-02-24 17:18:13  [ main:596 ] - [ DEBUG ]  Created connection 428910174.
2018-02-24 17:18:13  [ main:598 ] - [ DEBUG ]  Setting autocommit to false on JDBC Connection [com.mysql.jdbc.JDBC4Connection@1990a65e]
2018-02-24 17:18:13  [ main:601 ] - [ DEBUG ]  ==>  Preparing: UPDATE user SET username=?,userage=? WHERE userid=? 
2018-02-24 17:18:13  [ main:648 ] - [ DEBUG ]  ==> Parameters: 大黑不(String), 220(Integer), 9(Integer)
2018-02-24 17:18:13  [ main:650 ] - [ DEBUG ]  <==    Updates: 1
2018-02-24 17:18:13  [ main:650 ] - [ DEBUG ]  Committing JDBC Connection [com.mysql.jdbc.JDBC4Connection@1990a65e]
2018-02-24 17:18:13  [ main:713 ] - [ DEBUG ]  Resetting autocommit to true on JDBC Connection [com.mysql.jdbc.JDBC4Connection@1990a65e]
2018-02-24 17:18:13  [ main:715 ] - [ DEBUG ]  Closing JDBC Connection [com.mysql.jdbc.JDBC4Connection@1990a65e]
2018-02-24 17:18:13  [ main:715 ] - [ DEBUG ]  Returned connection 428910174 to pool.
2018-02-24 17:18:58  [ main:0 ] - [ DEBUG ]  Logging initialized using 'class org.apache.ibatis.logging.slf4j.Slf4jImpl' adapter.
2018-02-24 17:18:58  [ main:146 ] - [ DEBUG ]  PooledDataSource forcefully closed/removed all connections.
2018-02-24 17:18:58  [ main:147 ] - [ DEBUG ]  PooledDataSource forcefully closed/removed all connections.
2018-02-24 17:18:58  [ main:147 ] - [ DEBUG ]  PooledDataSource forcefully closed/removed all connections.
2018-02-24 17:18:58  [ main:148 ] - [ DEBUG ]  PooledDataSource forcefully closed/removed all connections.
2018-02-24 17:18:58  [ main:239 ] - [ DEBUG ]  Opening JDBC Connection
2018-02-24 17:18:58  [ main:565 ] - [ DEBUG ]  Created connection 428910174.
2018-02-24 17:18:58  [ main:565 ] - [ DEBUG ]  Setting autocommit to false on JDBC Connection [com.mysql.jdbc.JDBC4Connection@1990a65e]
2018-02-24 17:18:58  [ main:568 ] - [ DEBUG ]  ==>  Preparing: UPDATE user SET username=?,userage=? WHERE userid=? 
2018-02-24 17:18:58  [ main:603 ] - [ DEBUG ]  ==> Parameters: 大黑不(String), 220(Integer), 9(Integer)
2018-02-24 17:18:58  [ main:605 ] - [ DEBUG ]  <==    Updates: 1
2018-02-24 17:18:58  [ main:605 ] - [ DEBUG ]  Committing JDBC Connection [com.mysql.jdbc.JDBC4Connection@1990a65e]
2018-02-24 17:18:58  [ main:633 ] - [ DEBUG ]  Resetting autocommit to true on JDBC Connection [com.mysql.jdbc.JDBC4Connection@1990a65e]
2018-02-24 17:18:58  [ main:634 ] - [ DEBUG ]  Closing JDBC Connection [com.mysql.jdbc.JDBC4Connection@1990a65e]
2018-02-24 17:18:58  [ main:635 ] - [ DEBUG ]  Returned connection 428910174 to pool.
2018-02-24 17:25:53  [ main:1 ] - [ DEBUG ]  Logging initialized using 'class org.apache.ibatis.logging.slf4j.Slf4jImpl' adapter.
2018-02-24 17:25:53  [ main:136 ] - [ DEBUG ]  PooledDataSource forcefully closed/removed all connections.
2018-02-24 17:25:53  [ main:137 ] - [ DEBUG ]  PooledDataSource forcefully closed/removed all connections.
2018-02-24 17:25:53  [ main:137 ] - [ DEBUG ]  PooledDataSource forcefully closed/removed all connections.
2018-02-24 17:25:53  [ main:138 ] - [ DEBUG ]  PooledDataSource forcefully closed/removed all connections.
2018-02-24 17:25:53  [ main:235 ] - [ DEBUG ]  Opening JDBC Connection
2018-02-24 17:25:54  [ main:594 ] - [ DEBUG ]  Created connection 1884122755.
2018-02-24 17:25:54  [ main:595 ] - [ DEBUG ]  Setting autocommit to false on JDBC Connection [com.mysql.jdbc.JDBC4Connection@704d6e83]
2018-02-24 17:25:54  [ main:599 ] - [ DEBUG ]  ==>  Preparing: SELECT username,userage FROM user WHERE userid=? 
2018-02-24 17:25:54  [ main:663 ] - [ DEBUG ]  ==> Parameters: 9(Integer)
2018-02-24 17:25:54  [ main:680 ] - [ DEBUG ]  <==      Total: 1
2018-02-24 17:25:54  [ main:681 ] - [ DEBUG ]  Resetting autocommit to true on JDBC Connection [com.mysql.jdbc.JDBC4Connection@704d6e83]
2018-02-24 17:25:54  [ main:683 ] - [ DEBUG ]  Closing JDBC Connection [com.mysql.jdbc.JDBC4Connection@704d6e83]
2018-02-24 17:25:54  [ main:683 ] - [ DEBUG ]  Returned connection 1884122755 to pool.
2018-02-24 17:26:19  [ main:0 ] - [ DEBUG ]  Logging initialized using 'class org.apache.ibatis.logging.slf4j.Slf4jImpl' adapter.
2018-02-24 17:26:19  [ main:138 ] - [ DEBUG ]  PooledDataSource forcefully closed/removed all connections.
2018-02-24 17:26:19  [ main:139 ] - [ DEBUG ]  PooledDataSource forcefully closed/removed all connections.
2018-02-24 17:26:19  [ main:139 ] - [ DEBUG ]  PooledDataSource forcefully closed/removed all connections.
2018-02-24 17:26:19  [ main:140 ] - [ DEBUG ]  PooledDataSource forcefully closed/removed all connections.
2018-02-24 17:26:19  [ main:355 ] - [ DEBUG ]  Opening JDBC Connection
2018-02-24 17:26:20  [ main:761 ] - [ DEBUG ]  Created connection 1884122755.
2018-02-24 17:26:20  [ main:762 ] - [ DEBUG ]  Setting autocommit to false on JDBC Connection [com.mysql.jdbc.JDBC4Connection@704d6e83]
2018-02-24 17:26:20  [ main:765 ] - [ DEBUG ]  ==>  Preparing: SELECT username,userage FROM user WHERE userid=? 
2018-02-24 17:26:20  [ main:798 ] - [ DEBUG ]  ==> Parameters: 9(Integer)
2018-02-24 17:26:20  [ main:830 ] - [ DEBUG ]  <==      Total: 1
2018-02-24 17:26:20  [ main:831 ] - [ DEBUG ]  Resetting autocommit to true on JDBC Connection [com.mysql.jdbc.JDBC4Connection@704d6e83]
2018-02-24 17:26:20  [ main:834 ] - [ DEBUG ]  Closing JDBC Connection [com.mysql.jdbc.JDBC4Connection@704d6e83]
2018-02-24 17:26:20  [ main:834 ] - [ DEBUG ]  Returned connection 1884122755 to pool.
2018-02-24 17:26:34  [ main:0 ] - [ DEBUG ]  Logging initialized using 'class org.apache.ibatis.logging.slf4j.Slf4jImpl' adapter.
2018-02-24 17:26:34  [ main:133 ] - [ DEBUG ]  PooledDataSource forcefully closed/removed all connections.
2018-02-24 17:26:34  [ main:134 ] - [ DEBUG ]  PooledDataSource forcefully closed/removed all connections.
2018-02-24 17:26:34  [ main:134 ] - [ DEBUG ]  PooledDataSource forcefully closed/removed all connections.
2018-02-24 17:26:34  [ main:135 ] - [ DEBUG ]  PooledDataSource forcefully closed/removed all connections.
2018-02-24 17:26:34  [ main:240 ] - [ DEBUG ]  PooledDataSource forcefully closed/removed all connections.
2018-02-24 17:26:34  [ main:241 ] - [ DEBUG ]  PooledDataSource forcefully closed/removed all connections.
2018-02-24 17:26:34  [ main:241 ] - [ DEBUG ]  PooledDataSource forcefully closed/removed all connections.
2018-02-24 17:26:34  [ main:241 ] - [ DEBUG ]  PooledDataSource forcefully closed/removed all connections.
2018-02-24 17:26:34  [ main:286 ] - [ DEBUG ]  Opening JDBC Connection
2018-02-24 17:26:34  [ main:611 ] - [ DEBUG ]  Created connection 282828951.
2018-02-24 17:26:34  [ main:611 ] - [ DEBUG ]  Setting autocommit to false on JDBC Connection [com.mysql.jdbc.JDBC4Connection@10dba097]
2018-02-24 17:26:34  [ main:614 ] - [ DEBUG ]  ==>  Preparing: INSERT INTO user(username,userage)VALUES(?,?) 
2018-02-24 17:26:34  [ main:651 ] - [ DEBUG ]  ==> Parameters: 黑黑(String), 22(Integer)
2018-02-24 17:26:34  [ main:653 ] - [ DEBUG ]  <==    Updates: 1
2018-02-24 17:26:34  [ main:654 ] - [ DEBUG ]  Committing JDBC Connection [com.mysql.jdbc.JDBC4Connection@10dba097]
2018-02-24 17:26:34  [ main:687 ] - [ DEBUG ]  Resetting autocommit to true on JDBC Connection [com.mysql.jdbc.JDBC4Connection@10dba097]
2018-02-24 17:26:34  [ main:687 ] - [ DEBUG ]  Closing JDBC Connection [com.mysql.jdbc.JDBC4Connection@10dba097]
2018-02-24 17:26:34  [ main:688 ] - [ DEBUG ]  Returned connection 282828951 to pool.
2018-02-24 17:28:21  [ main:0 ] - [ DEBUG ]  Logging initialized using 'class org.apache.ibatis.logging.slf4j.Slf4jImpl' adapter.
2018-02-24 17:28:21  [ main:150 ] - [ DEBUG ]  PooledDataSource forcefully closed/removed all connections.
2018-02-24 17:28:21  [ main:150 ] - [ DEBUG ]  PooledDataSource forcefully closed/removed all connections.
2018-02-24 17:28:21  [ main:151 ] - [ DEBUG ]  PooledDataSource forcefully closed/removed all connections.
2018-02-24 17:28:21  [ main:152 ] - [ DEBUG ]  PooledDataSource forcefully closed/removed all connections.
2018-02-24 17:28:21  [ main:235 ] - [ DEBUG ]  Opening JDBC Connection
2018-02-24 17:28:22  [ main:559 ] - [ DEBUG ]  Created connection 1884122755.
2018-02-24 17:28:22  [ main:559 ] - [ DEBUG ]  Setting autocommit to false on JDBC Connection [com.mysql.jdbc.JDBC4Connection@704d6e83]
2018-02-24 17:28:22  [ main:562 ] - [ DEBUG ]  ==>  Preparing: SELECT username,userage FROM user 
2018-02-24 17:28:22  [ main:626 ] - [ DEBUG ]  ==> Parameters: 
2018-02-24 17:28:22  [ main:644 ] - [ DEBUG ]  <==      Total: 2
2018-02-24 17:28:22  [ main:645 ] - [ DEBUG ]  Resetting autocommit to true on JDBC Connection [com.mysql.jdbc.JDBC4Connection@704d6e83]
2018-02-24 17:28:22  [ main:647 ] - [ DEBUG ]  Closing JDBC Connection [com.mysql.jdbc.JDBC4Connection@704d6e83]
2018-02-24 17:28:22  [ main:647 ] - [ DEBUG ]  Returned connection 1884122755 to pool.
2018-02-24 17:32:32  [ main:0 ] - [ DEBUG ]  Logging initialized using 'class org.apache.ibatis.logging.slf4j.Slf4jImpl' adapter.
2018-02-24 17:32:32  [ main:136 ] - [ DEBUG ]  PooledDataSource forcefully closed/removed all connections.
2018-02-24 17:32:32  [ main:137 ] - [ DEBUG ]  PooledDataSource forcefully closed/removed all connections.
2018-02-24 17:32:32  [ main:138 ] - [ DEBUG ]  PooledDataSource forcefully closed/removed all connections.
2018-02-24 17:32:32  [ main:139 ] - [ DEBUG ]  PooledDataSource forcefully closed/removed all connections.
2018-02-24 17:32:33  [ main:225 ] - [ DEBUG ]  Opening JDBC Connection
2018-02-24 17:32:33  [ main:543 ] - [ DEBUG ]  Created connection 1920387277.
2018-02-24 17:32:33  [ main:544 ] - [ DEBUG ]  Setting autocommit to false on JDBC Connection [com.mysql.jdbc.JDBC4Connection@7276c8cd]
2018-02-24 17:32:33  [ main:547 ] - [ DEBUG ]  ==>  Preparing: DELETE FROM user WHERE userid=? 
2018-02-24 17:32:33  [ main:603 ] - [ DEBUG ]  ==> Parameters: 9(Integer)
2018-02-24 17:32:33  [ main:604 ] - [ DEBUG ]  <==    Updates: 1
2018-02-24 17:32:33  [ main:605 ] - [ DEBUG ]  Committing JDBC Connection [com.mysql.jdbc.JDBC4Connection@7276c8cd]
2018-02-24 17:32:33  [ main:646 ] - [ DEBUG ]  Resetting autocommit to true on JDBC Connection [com.mysql.jdbc.JDBC4Connection@7276c8cd]
2018-02-24 17:32:33  [ main:647 ] - [ DEBUG ]  Closing JDBC Connection [com.mysql.jdbc.JDBC4Connection@7276c8cd]
2018-02-24 17:32:33  [ main:648 ] - [ DEBUG ]  Returned connection 1920387277 to pool.
2018-02-24 17:42:21  [ main:0 ] - [ DEBUG ]  Logging initialized using 'class org.apache.ibatis.logging.slf4j.Slf4jImpl' adapter.
2018-02-24 17:42:21  [ main:139 ] - [ DEBUG ]  PooledDataSource forcefully closed/removed all connections.
2018-02-24 17:42:21  [ main:140 ] - [ DEBUG ]  PooledDataSource forcefully closed/removed all connections.
2018-02-24 17:42:21  [ main:140 ] - [ DEBUG ]  PooledDataSource forcefully closed/removed all connections.
2018-02-24 17:42:21  [ main:141 ] - [ DEBUG ]  PooledDataSource forcefully closed/removed all connections.
2018-02-24 17:42:21  [ main:235 ] - [ DEBUG ]  Opening JDBC Connection
2018-02-24 17:42:21  [ main:555 ] - [ DEBUG ]  Created connection 775931202.
2018-02-24 17:42:21  [ main:556 ] - [ DEBUG ]  Setting autocommit to false on JDBC Connection [com.mysql.jdbc.JDBC4Connection@2e3fc542]
2018-02-24 17:42:21  [ main:558 ] - [ DEBUG ]  ==>  Preparing: INSERT INTO user(username,userage) VALUES (?,?) 
2018-02-24 17:42:22  [ main:625 ] - [ DEBUG ]  ==> Parameters: hao(String), 55(Integer)
2018-02-24 17:42:22  [ main:627 ] - [ DEBUG ]  <==    Updates: 1
2018-02-24 17:42:22  [ main:630 ] - [ DEBUG ]  ==>  Preparing: SELECT LAST_INSERT_ID() 
2018-02-24 17:42:22  [ main:630 ] - [ DEBUG ]  ==> Parameters: 
2018-02-24 17:42:22  [ main:653 ] - [ DEBUG ]  <==      Total: 1
2018-02-24 17:42:22  [ main:654 ] - [ DEBUG ]  Committing JDBC Connection [com.mysql.jdbc.JDBC4Connection@2e3fc542]
2018-02-24 17:42:22  [ main:704 ] - [ DEBUG ]  Resetting autocommit to true on JDBC Connection [com.mysql.jdbc.JDBC4Connection@2e3fc542]
2018-02-24 17:42:22  [ main:708 ] - [ DEBUG ]  Closing JDBC Connection [com.mysql.jdbc.JDBC4Connection@2e3fc542]
2018-02-24 17:42:22  [ main:708 ] - [ DEBUG ]  Returned connection 775931202 to pool.
2018-02-24 17:43:11  [ main:0 ] - [ DEBUG ]  Logging initialized using 'class org.apache.ibatis.logging.slf4j.Slf4jImpl' adapter.
2018-02-24 17:43:11  [ main:143 ] - [ DEBUG ]  PooledDataSource forcefully closed/removed all connections.
2018-02-24 17:43:11  [ main:144 ] - [ DEBUG ]  PooledDataSource forcefully closed/removed all connections.
2018-02-24 17:43:11  [ main:144 ] - [ DEBUG ]  PooledDataSource forcefully closed/removed all connections.
2018-02-24 17:43:11  [ main:145 ] - [ DEBUG ]  PooledDataSource forcefully closed/removed all connections.
2018-02-24 17:43:11  [ main:297 ] - [ DEBUG ]  PooledDataSource forcefully closed/removed all connections.
2018-02-24 17:43:11  [ main:298 ] - [ DEBUG ]  PooledDataSource forcefully closed/removed all connections.
2018-02-24 17:43:11  [ main:299 ] - [ DEBUG ]  PooledDataSource forcefully closed/removed all connections.
2018-02-24 17:43:11  [ main:300 ] - [ DEBUG ]  PooledDataSource forcefully closed/removed all connections.
2018-02-24 17:43:11  [ main:356 ] - [ DEBUG ]  Opening JDBC Connection
2018-02-24 17:43:12  [ main:907 ] - [ DEBUG ]  Created connection 1134612201.
2018-02-24 17:43:12  [ main:908 ] - [ DEBUG ]  Setting autocommit to false on JDBC Connection [com.mysql.jdbc.JDBC4Connection@43a0cee9]
2018-02-24 17:43:12  [ main:911 ] - [ DEBUG ]  ==>  Preparing: INSERT INTO user(username,userage)VALUES(?,?) 
2018-02-24 17:43:12  [ main:971 ] - [ DEBUG ]  ==> Parameters: 黑黑(String), 22(Integer)
2018-02-24 17:43:12  [ main:979 ] - [ DEBUG ]  <==    Updates: 1
2018-02-24 17:43:12  [ main:979 ] - [ DEBUG ]  Committing JDBC Connection [com.mysql.jdbc.JDBC4Connection@43a0cee9]
2018-02-24 17:43:12  [ main:1044 ] - [ DEBUG ]  Resetting autocommit to true on JDBC Connection [com.mysql.jdbc.JDBC4Connection@43a0cee9]
2018-02-24 17:43:12  [ main:1045 ] - [ DEBUG ]  Closing JDBC Connection [com.mysql.jdbc.JDBC4Connection@43a0cee9]
2018-02-24 17:43:12  [ main:1046 ] - [ DEBUG ]  Returned connection 1134612201 to pool.
2018-02-24 17:46:59  [ main:0 ] - [ DEBUG ]  Logging initialized using 'class org.apache.ibatis.logging.slf4j.Slf4jImpl' adapter.
2018-02-24 17:46:59  [ main:148 ] - [ DEBUG ]  PooledDataSource forcefully closed/removed all connections.
2018-02-24 17:46:59  [ main:148 ] - [ DEBUG ]  PooledDataSource forcefully closed/removed all connections.
2018-02-24 17:46:59  [ main:149 ] - [ DEBUG ]  PooledDataSource forcefully closed/removed all connections.
2018-02-24 17:46:59  [ main:149 ] - [ DEBUG ]  PooledDataSource forcefully closed/removed all connections.
2018-02-24 17:46:59  [ main:249 ] - [ DEBUG ]  Opening JDBC Connection
2018-02-24 17:46:59  [ main:562 ] - [ DEBUG ]  Created connection 775931202.
2018-02-24 17:46:59  [ main:562 ] - [ DEBUG ]  Setting autocommit to false on JDBC Connection [com.mysql.jdbc.JDBC4Connection@2e3fc542]
2018-02-24 17:46:59  [ main:565 ] - [ DEBUG ]  ==>  Preparing: INSERT INTO user(username,userage) VALUES (?,?) 
2018-02-24 17:46:59  [ main:612 ] - [ DEBUG ]  ==> Parameters: hao(String), 55(Integer)
2018-02-24 17:46:59  [ main:614 ] - [ DEBUG ]  <==    Updates: 1
2018-02-24 17:46:59  [ main:616 ] - [ DEBUG ]  ==>  Preparing: SELECT LAST_INSERT_ID() 
2018-02-24 17:46:59  [ main:617 ] - [ DEBUG ]  ==> Parameters: 
2018-02-24 17:46:59  [ main:642 ] - [ DEBUG ]  <==      Total: 1
2018-02-24 17:46:59  [ main:643 ] - [ DEBUG ]  Committing JDBC Connection [com.mysql.jdbc.JDBC4Connection@2e3fc542]
2018-02-24 17:46:59  [ main:697 ] - [ DEBUG ]  Resetting autocommit to true on JDBC Connection [com.mysql.jdbc.JDBC4Connection@2e3fc542]
2018-02-24 17:46:59  [ main:700 ] - [ DEBUG ]  Closing JDBC Connection [com.mysql.jdbc.JDBC4Connection@2e3fc542]
2018-02-24 17:46:59  [ main:700 ] - [ DEBUG ]  Returned connection 775931202 to pool.
2018-02-24 18:00:28  [ main:0 ] - [ DEBUG ]  Logging initialized using 'class org.apache.ibatis.logging.slf4j.Slf4jImpl' adapter.
2018-02-24 18:00:28  [ main:147 ] - [ DEBUG ]  PooledDataSource forcefully closed/removed all connections.
2018-02-24 18:00:28  [ main:148 ] - [ DEBUG ]  PooledDataSource forcefully closed/removed all connections.
2018-02-24 18:00:28  [ main:148 ] - [ DEBUG ]  PooledDataSource forcefully closed/removed all connections.
2018-02-24 18:00:28  [ main:149 ] - [ DEBUG ]  PooledDataSource forcefully closed/removed all connections.
2018-02-24 18:00:28  [ main:256 ] - [ DEBUG ]  Opening JDBC Connection
2018-02-24 18:00:29  [ main:585 ] - [ DEBUG ]  Created connection 394721749.
2018-02-24 18:00:29  [ main:586 ] - [ DEBUG ]  Setting autocommit to false on JDBC Connection [com.mysql.jdbc.JDBC4Connection@1786f9d5]
2018-02-24 18:00:29  [ main:589 ] - [ DEBUG ]  ==>  Preparing: INSERT INTO idcard(province,city) VALUES (?,?) 
2018-02-24 18:00:29  [ main:642 ] - [ DEBUG ]  ==> Parameters: 江西(String), 抚州(String)
2018-02-24 18:00:29  [ main:644 ] - [ DEBUG ]  Committing JDBC Connection [com.mysql.jdbc.JDBC4Connection@1786f9d5]
2018-02-24 18:00:29  [ main:646 ] - [ DEBUG ]  Resetting autocommit to true on JDBC Connection [com.mysql.jdbc.JDBC4Connection@1786f9d5]
2018-02-24 18:00:29  [ main:647 ] - [ DEBUG ]  Closing JDBC Connection [com.mysql.jdbc.JDBC4Connection@1786f9d5]
2018-02-24 18:00:29  [ main:648 ] - [ DEBUG ]  Returned connection 394721749 to pool.
2018-02-24 18:02:22  [ main:0 ] - [ DEBUG ]  Logging initialized using 'class org.apache.ibatis.logging.slf4j.Slf4jImpl' adapter.
2018-02-24 18:02:22  [ main:142 ] - [ DEBUG ]  PooledDataSource forcefully closed/removed all connections.
2018-02-24 18:02:22  [ main:142 ] - [ DEBUG ]  PooledDataSource forcefully closed/removed all connections.
2018-02-24 18:02:22  [ main:143 ] - [ DEBUG ]  PooledDataSource forcefully closed/removed all connections.
2018-02-24 18:02:22  [ main:143 ] - [ DEBUG ]  PooledDataSource forcefully closed/removed all connections.
2018-02-24 18:02:22  [ main:274 ] - [ DEBUG ]  Opening JDBC Connection
2018-02-24 18:02:23  [ main:784 ] - [ DEBUG ]  Created connection 282828951.
2018-02-24 18:02:23  [ main:785 ] - [ DEBUG ]  Setting autocommit to false on JDBC Connection [com.mysql.jdbc.JDBC4Connection@10dba097]
2018-02-24 18:02:23  [ main:788 ] - [ DEBUG ]  ==>  Preparing: INSERT INTO idcard(province,city) VALUES (?,?) 
2018-02-24 18:02:23  [ main:852 ] - [ DEBUG ]  ==> Parameters: 江西(String), 抚州(String)
2018-02-24 18:02:23  [ main:856 ] - [ DEBUG ]  Committing JDBC Connection [com.mysql.jdbc.JDBC4Connection@10dba097]
2018-02-24 18:02:23  [ main:857 ] - [ DEBUG ]  Resetting autocommit to true on JDBC Connection [com.mysql.jdbc.JDBC4Connection@10dba097]
2018-02-24 18:02:23  [ main:859 ] - [ DEBUG ]  Closing JDBC Connection [com.mysql.jdbc.JDBC4Connection@10dba097]
2018-02-24 18:02:23  [ main:859 ] - [ DEBUG ]  Returned connection 282828951 to pool.
2018-02-24 18:03:39  [ main:0 ] - [ DEBUG ]  Logging initialized using 'class org.apache.ibatis.logging.slf4j.Slf4jImpl' adapter.
2018-02-24 18:03:39  [ main:136 ] - [ DEBUG ]  PooledDataSource forcefully closed/removed all connections.
2018-02-24 18:03:39  [ main:136 ] - [ DEBUG ]  PooledDataSource forcefully closed/removed all connections.
2018-02-24 18:03:39  [ main:137 ] - [ DEBUG ]  PooledDataSource forcefully closed/removed all connections.
2018-02-24 18:03:39  [ main:137 ] - [ DEBUG ]  PooledDataSource forcefully closed/removed all connections.
2018-02-24 18:03:39  [ main:246 ] - [ DEBUG ]  Opening JDBC Connection
2018-02-24 18:03:39  [ main:580 ] - [ DEBUG ]  Created connection 282828951.
2018-02-24 18:03:39  [ main:581 ] - [ DEBUG ]  Setting autocommit to false on JDBC Connection [com.mysql.jdbc.JDBC4Connection@10dba097]
2018-02-24 18:03:39  [ main:585 ] - [ DEBUG ]  ==>  Preparing: INSERT INTO idcard(province,city) VALUES (?,?) 
2018-02-24 18:03:40  [ main:631 ] - [ DEBUG ]  ==> Parameters: 江西(String), 抚州(String)
2018-02-24 18:03:40  [ main:634 ] - [ DEBUG ]  Committing JDBC Connection [com.mysql.jdbc.JDBC4Connection@10dba097]
2018-02-24 18:03:40  [ main:635 ] - [ DEBUG ]  Resetting autocommit to true on JDBC Connection [com.mysql.jdbc.JDBC4Connection@10dba097]
2018-02-24 18:03:40  [ main:648 ] - [ DEBUG ]  Closing JDBC Connection [com.mysql.jdbc.JDBC4Connection@10dba097]
2018-02-24 18:03:40  [ main:649 ] - [ DEBUG ]  Returned connection 282828951 to pool.
2018-02-24 18:40:25  [ main:0 ] - [ DEBUG ]  Logging initialized using 'class org.apache.ibatis.logging.slf4j.Slf4jImpl' adapter.
2018-02-24 18:40:25  [ main:151 ] - [ DEBUG ]  PooledDataSource forcefully closed/removed all connections.
2018-02-24 18:40:25  [ main:152 ] - [ DEBUG ]  PooledDataSource forcefully closed/removed all connections.
2018-02-24 18:40:25  [ main:153 ] - [ DEBUG ]  PooledDataSource forcefully closed/removed all connections.
2018-02-24 18:40:25  [ main:154 ] - [ DEBUG ]  PooledDataSource forcefully closed/removed all connections.
2018-02-24 18:40:25  [ main:257 ] - [ DEBUG ]  Opening JDBC Connection
2018-02-24 18:40:26  [ main:589 ] - [ DEBUG ]  Created connection 282828951.
2018-02-24 18:40:26  [ main:589 ] - [ DEBUG ]  Setting autocommit to false on JDBC Connection [com.mysql.jdbc.JDBC4Connection@10dba097]
2018-02-24 18:40:26  [ main:592 ] - [ DEBUG ]  ==>  Preparing: INSERT INTO idcard(province,city) VALUES (?,?) /* INSERT INTO user(username,userage)VALUES(?,?)*/ 
2018-02-24 18:40:26  [ main:672 ] - [ DEBUG ]  Committing JDBC Connection [com.mysql.jdbc.JDBC4Connection@10dba097]
2018-02-24 18:40:26  [ main:673 ] - [ DEBUG ]  Resetting autocommit to true on JDBC Connection [com.mysql.jdbc.JDBC4Connection@10dba097]
2018-02-24 18:40:26  [ main:674 ] - [ DEBUG ]  Closing JDBC Connection [com.mysql.jdbc.JDBC4Connection@10dba097]
2018-02-24 18:40:26  [ main:676 ] - [ DEBUG ]  Returned connection 282828951 to pool.
2018-02-24 18:41:41  [ main:0 ] - [ DEBUG ]  Logging initialized using 'class org.apache.ibatis.logging.slf4j.Slf4jImpl' adapter.
2018-02-24 18:41:41  [ main:136 ] - [ DEBUG ]  PooledDataSource forcefully closed/removed all connections.
2018-02-24 18:41:41  [ main:136 ] - [ DEBUG ]  PooledDataSource forcefully closed/removed all connections.
2018-02-24 18:41:41  [ main:137 ] - [ DEBUG ]  PooledDataSource forcefully closed/removed all connections.
2018-02-24 18:41:41  [ main:138 ] - [ DEBUG ]  PooledDataSource forcefully closed/removed all connections.
2018-02-24 18:41:41  [ main:245 ] - [ DEBUG ]  Opening JDBC Connection
2018-02-24 18:41:41  [ main:590 ] - [ DEBUG ]  Created connection 282828951.
2018-02-24 18:41:41  [ main:590 ] - [ DEBUG ]  Setting autocommit to false on JDBC Connection [com.mysql.jdbc.JDBC4Connection@10dba097]
2018-02-24 18:41:41  [ main:594 ] - [ DEBUG ]  ==>  Preparing: INSERT INTO idcard(province,city) VALUES (?,?) 
2018-02-24 18:41:41  [ main:649 ] - [ DEBUG ]  ==> Parameters: 江西(String), 抚州(String)
2018-02-24 18:41:41  [ main:650 ] - [ DEBUG ]  <==    Updates: 1
2018-02-24 18:41:41  [ main:651 ] - [ DEBUG ]  Committing JDBC Connection [com.mysql.jdbc.JDBC4Connection@10dba097]
2018-02-24 18:41:41  [ main:729 ] - [ DEBUG ]  Resetting autocommit to true on JDBC Connection [com.mysql.jdbc.JDBC4Connection@10dba097]
2018-02-24 18:41:42  [ main:731 ] - [ DEBUG ]  Closing JDBC Connection [com.mysql.jdbc.JDBC4Connection@10dba097]
2018-02-24 18:41:42  [ main:732 ] - [ DEBUG ]  Returned connection 282828951 to pool.
2018-02-24 18:42:26  [ main:0 ] - [ DEBUG ]  Logging initialized using 'class org.apache.ibatis.logging.slf4j.Slf4jImpl' adapter.
2018-02-24 18:42:26  [ main:148 ] - [ DEBUG ]  PooledDataSource forcefully closed/removed all connections.
2018-02-24 18:42:26  [ main:149 ] - [ DEBUG ]  PooledDataSource forcefully closed/removed all connections.
2018-02-24 18:42:26  [ main:149 ] - [ DEBUG ]  PooledDataSource forcefully closed/removed all connections.
2018-02-24 18:42:26  [ main:150 ] - [ DEBUG ]  PooledDataSource forcefully closed/removed all connections.
2018-02-24 18:42:26  [ main:265 ] - [ DEBUG ]  Opening JDBC Connection
2018-02-24 18:42:27  [ main:624 ] - [ DEBUG ]  Created connection 282828951.
2018-02-24 18:42:27  [ main:625 ] - [ DEBUG ]  Setting autocommit to false on JDBC Connection [com.mysql.jdbc.JDBC4Connection@10dba097]
2018-02-24 18:42:27  [ main:628 ] - [ DEBUG ]  ==>  Preparing: INSERT INTO idcard(province,city) VALUES (?,?) 
2018-02-24 18:42:27  [ main:692 ] - [ DEBUG ]  ==> Parameters: 江西(String), 抚州(String)
2018-02-24 18:42:27  [ main:695 ] - [ DEBUG ]  Committing JDBC Connection [com.mysql.jdbc.JDBC4Connection@10dba097]
2018-02-24 18:42:27  [ main:696 ] - [ DEBUG ]  Resetting autocommit to true on JDBC Connection [com.mysql.jdbc.JDBC4Connection@10dba097]
2018-02-24 18:42:27  [ main:698 ] - [ DEBUG ]  Closing JDBC Connection [com.mysql.jdbc.JDBC4Connection@10dba097]
2018-02-24 18:42:27  [ main:698 ] - [ DEBUG ]  Returned connection 282828951 to pool.
2018-02-24 18:42:40  [ main:0 ] - [ DEBUG ]  Logging initialized using 'class org.apache.ibatis.logging.slf4j.Slf4jImpl' adapter.
2018-02-24 18:42:40  [ main:148 ] - [ DEBUG ]  PooledDataSource forcefully closed/removed all connections.
2018-02-24 18:42:40  [ main:149 ] - [ DEBUG ]  PooledDataSource forcefully closed/removed all connections.
2018-02-24 18:42:40  [ main:149 ] - [ DEBUG ]  PooledDataSource forcefully closed/removed all connections.
2018-02-24 18:42:40  [ main:150 ] - [ DEBUG ]  PooledDataSource forcefully closed/removed all connections.
2018-02-24 18:42:41  [ main:252 ] - [ DEBUG ]  Opening JDBC Connection
2018-02-24 18:42:41  [ main:605 ] - [ DEBUG ]  Created connection 282828951.
2018-02-24 18:42:41  [ main:605 ] - [ DEBUG ]  Setting autocommit to false on JDBC Connection [com.mysql.jdbc.JDBC4Connection@10dba097]
2018-02-24 18:42:41  [ main:608 ] - [ DEBUG ]  ==>  Preparing: INSERT INTO idcard(province,city) VALUES (?,?) 
2018-02-24 18:42:41  [ main:668 ] - [ DEBUG ]  ==> Parameters: 江西(String), 抚州(String)
2018-02-24 18:42:41  [ main:671 ] - [ DEBUG ]  Committing JDBC Connection [com.mysql.jdbc.JDBC4Connection@10dba097]
2018-02-24 18:42:41  [ main:672 ] - [ DEBUG ]  Resetting autocommit to true on JDBC Connection [com.mysql.jdbc.JDBC4Connection@10dba097]
2018-02-24 18:42:41  [ main:675 ] - [ DEBUG ]  Closing JDBC Connection [com.mysql.jdbc.JDBC4Connection@10dba097]
2018-02-24 18:42:41  [ main:675 ] - [ DEBUG ]  Returned connection 282828951 to pool.
2018-02-24 18:43:36  [ main:0 ] - [ DEBUG ]  Logging initialized using 'class org.apache.ibatis.logging.slf4j.Slf4jImpl' adapter.
2018-02-24 18:43:36  [ main:159 ] - [ DEBUG ]  PooledDataSource forcefully closed/removed all connections.
2018-02-24 18:43:36  [ main:160 ] - [ DEBUG ]  PooledDataSource forcefully closed/removed all connections.
2018-02-24 18:43:36  [ main:160 ] - [ DEBUG ]  PooledDataSource forcefully closed/removed all connections.
2018-02-24 18:43:36  [ main:160 ] - [ DEBUG ]  PooledDataSource forcefully closed/removed all connections.
2018-02-24 18:43:36  [ main:305 ] - [ DEBUG ]  Opening JDBC Connection
2018-02-24 18:43:36  [ main:620 ] - [ DEBUG ]  Created connection 282828951.
2018-02-24 18:43:36  [ main:620 ] - [ DEBUG ]  Setting autocommit to false on JDBC Connection [com.mysql.jdbc.JDBC4Connection@10dba097]
2018-02-24 18:43:36  [ main:624 ] - [ DEBUG ]  ==>  Preparing: INSERT INTO idcard(province,city) VALUES (?,?) 
2018-02-24 18:43:36  [ main:685 ] - [ DEBUG ]  ==> Parameters: 江西(String), 抚州(String)
2018-02-24 18:43:36  [ main:689 ] - [ DEBUG ]  Committing JDBC Connection [com.mysql.jdbc.JDBC4Connection@10dba097]
2018-02-24 18:43:36  [ main:689 ] - [ DEBUG ]  Resetting autocommit to true on JDBC Connection [com.mysql.jdbc.JDBC4Connection@10dba097]
2018-02-24 18:43:36  [ main:691 ] - [ DEBUG ]  Closing JDBC Connection [com.mysql.jdbc.JDBC4Connection@10dba097]
2018-02-24 18:43:36  [ main:692 ] - [ DEBUG ]  Returned connection 282828951 to pool.
2018-02-24 18:44:07  [ main:0 ] - [ DEBUG ]  Logging initialized using 'class org.apache.ibatis.logging.slf4j.Slf4jImpl' adapter.
2018-02-24 18:44:07  [ main:147 ] - [ DEBUG ]  PooledDataSource forcefully closed/removed all connections.
2018-02-24 18:44:07  [ main:147 ] - [ DEBUG ]  PooledDataSource forcefully closed/removed all connections.
2018-02-24 18:44:07  [ main:147 ] - [ DEBUG ]  PooledDataSource forcefully closed/removed all connections.
2018-02-24 18:44:07  [ main:148 ] - [ DEBUG ]  PooledDataSource forcefully closed/removed all connections.
2018-02-24 18:44:08  [ main:258 ] - [ DEBUG ]  Opening JDBC Connection
2018-02-24 18:44:08  [ main:600 ] - [ DEBUG ]  Created connection 282828951.
2018-02-24 18:44:08  [ main:600 ] - [ DEBUG ]  Setting autocommit to false on JDBC Connection [com.mysql.jdbc.JDBC4Connection@10dba097]
2018-02-24 18:44:08  [ main:603 ] - [ DEBUG ]  ==>  Preparing: INSERT INTO idcard(province,city) VALUES (?,?) 
2018-02-24 18:44:08  [ main:679 ] - [ DEBUG ]  ==> Parameters: 江西(String), 抚州(String)
2018-02-24 18:44:08  [ main:682 ] - [ DEBUG ]  Committing JDBC Connection [com.mysql.jdbc.JDBC4Connection@10dba097]
2018-02-24 18:44:08  [ main:682 ] - [ DEBUG ]  Resetting autocommit to true on JDBC Connection [com.mysql.jdbc.JDBC4Connection@10dba097]
2018-02-24 18:44:08  [ main:684 ] - [ DEBUG ]  Closing JDBC Connection [com.mysql.jdbc.JDBC4Connection@10dba097]
2018-02-24 18:44:08  [ main:684 ] - [ DEBUG ]  Returned connection 282828951 to pool.
2018-02-24 18:48:43  [ main:0 ] - [ DEBUG ]  Logging initialized using 'class org.apache.ibatis.logging.slf4j.Slf4jImpl' adapter.
2018-02-24 18:48:43  [ main:150 ] - [ DEBUG ]  PooledDataSource forcefully closed/removed all connections.
2018-02-24 18:48:43  [ main:150 ] - [ DEBUG ]  PooledDataSource forcefully closed/removed all connections.
2018-02-24 18:48:43  [ main:151 ] - [ DEBUG ]  PooledDataSource forcefully closed/removed all connections.
2018-02-24 18:48:43  [ main:151 ] - [ DEBUG ]  PooledDataSource forcefully closed/removed all connections.
2018-02-24 18:48:43  [ main:261 ] - [ DEBUG ]  Opening JDBC Connection
2018-02-24 18:48:43  [ main:589 ] - [ DEBUG ]  Created connection 278934944.
2018-02-24 18:48:43  [ main:590 ] - [ DEBUG ]  Setting autocommit to false on JDBC Connection [com.mysql.jdbc.JDBC4Connection@10a035a0]
2018-02-24 18:48:43  [ main:593 ] - [ DEBUG ]  ==>  Preparing: SELECT uuid() 
2018-02-24 18:48:43  [ main:647 ] - [ DEBUG ]  ==> Parameters: 
2018-02-24 18:48:43  [ main:724 ] - [ DEBUG ]  <==      Total: 1
2018-02-24 18:48:43  [ main:725 ] - [ DEBUG ]  ==>  Preparing: INSERT INTO idcard(cardId,province,city) VALUES (? ?,?) 
2018-02-24 18:48:43  [ main:726 ] - [ DEBUG ]  ==> Parameters: 5143febb-1950-11e8-be0e-c8d3ffe51ce4(String), 江西(String), 抚州(String)
2018-02-24 18:48:43  [ main:730 ] - [ DEBUG ]  Committing JDBC Connection [com.mysql.jdbc.JDBC4Connection@10a035a0]
2018-02-24 18:48:43  [ main:730 ] - [ DEBUG ]  Resetting autocommit to true on JDBC Connection [com.mysql.jdbc.JDBC4Connection@10a035a0]
2018-02-24 18:48:43  [ main:731 ] - [ DEBUG ]  Closing JDBC Connection [com.mysql.jdbc.JDBC4Connection@10a035a0]
2018-02-24 18:48:43  [ main:734 ] - [ DEBUG ]  Returned connection 278934944 to pool.
2018-02-24 18:49:56  [ main:0 ] - [ DEBUG ]  Logging initialized using 'class org.apache.ibatis.logging.slf4j.Slf4jImpl' adapter.
2018-02-24 18:49:57  [ main:142 ] - [ DEBUG ]  PooledDataSource forcefully closed/removed all connections.
2018-02-24 18:49:57  [ main:142 ] - [ DEBUG ]  PooledDataSource forcefully closed/removed all connections.
2018-02-24 18:49:57  [ main:143 ] - [ DEBUG ]  PooledDataSource forcefully closed/removed all connections.
2018-02-24 18:49:57  [ main:143 ] - [ DEBUG ]  PooledDataSource forcefully closed/removed all connections.
2018-02-24 18:49:57  [ main:253 ] - [ DEBUG ]  Opening JDBC Connection
2018-02-24 18:49:57  [ main:571 ] - [ DEBUG ]  Created connection 1205555397.
2018-02-24 18:49:57  [ main:571 ] - [ DEBUG ]  Setting autocommit to false on JDBC Connection [com.mysql.jdbc.JDBC4Connection@47db50c5]
2018-02-24 18:49:57  [ main:575 ] - [ DEBUG ]  ==>  Preparing: SELECT uuid() 
2018-02-24 18:49:57  [ main:634 ] - [ DEBUG ]  ==> Parameters: 
2018-02-24 18:49:57  [ main:662 ] - [ DEBUG ]  <==      Total: 1
2018-02-24 18:49:57  [ main:688 ] - [ DEBUG ]  ==>  Preparing: INSERT INTO idcard(cardId,province,city,usserid) VALUES (? ?,?,2) 
2018-02-24 18:49:57  [ main:691 ] - [ DEBUG ]  ==> Parameters: 7d2f7dcc-1950-11e8-be0e-c8d3ffe51ce4(String), 江西(String), 抚州(String)
2018-02-24 18:49:57  [ main:694 ] - [ DEBUG ]  Committing JDBC Connection [com.mysql.jdbc.JDBC4Connection@47db50c5]
2018-02-24 18:49:57  [ main:695 ] - [ DEBUG ]  Resetting autocommit to true on JDBC Connection [com.mysql.jdbc.JDBC4Connection@47db50c5]
2018-02-24 18:49:57  [ main:696 ] - [ DEBUG ]  Closing JDBC Connection [com.mysql.jdbc.JDBC4Connection@47db50c5]
2018-02-24 18:49:57  [ main:699 ] - [ DEBUG ]  Returned connection 1205555397 to pool.
2018-02-24 18:52:52  [ main:0 ] - [ DEBUG ]  Logging initialized using 'class org.apache.ibatis.logging.slf4j.Slf4jImpl' adapter.
2018-02-24 18:52:52  [ main:164 ] - [ DEBUG ]  PooledDataSource forcefully closed/removed all connections.
2018-02-24 18:52:52  [ main:165 ] - [ DEBUG ]  PooledDataSource forcefully closed/removed all connections.
2018-02-24 18:52:52  [ main:165 ] - [ DEBUG ]  PooledDataSource forcefully closed/removed all connections.
2018-02-24 18:52:52  [ main:165 ] - [ DEBUG ]  PooledDataSource forcefully closed/removed all connections.
2018-02-24 18:52:52  [ main:320 ] - [ DEBUG ]  Opening JDBC Connection
2018-02-24 18:52:53  [ main:663 ] - [ DEBUG ]  Created connection 1205555397.
2018-02-24 18:52:53  [ main:663 ] - [ DEBUG ]  Setting autocommit to false on JDBC Connection [com.mysql.jdbc.JDBC4Connection@47db50c5]
2018-02-24 18:52:53  [ main:666 ] - [ DEBUG ]  ==>  Preparing: SELECT uuid() 
2018-02-24 18:52:53  [ main:712 ] - [ DEBUG ]  ==> Parameters: 
2018-02-24 18:52:53  [ main:739 ] - [ DEBUG ]  <==      Total: 1
2018-02-24 18:52:53  [ main:764 ] - [ DEBUG ]  ==>  Preparing: INSERT INTO idcard(cardId,province,city,usserid) VALUES (? ?,?,2) 
2018-02-24 18:52:53  [ main:766 ] - [ DEBUG ]  ==> Parameters: e5f34d9e-1950-11e8-be0e-c8d3ffe51ce4(String), 江西(String), 抚州(String)
2018-02-24 18:52:53  [ main:769 ] - [ DEBUG ]  Committing JDBC Connection [com.mysql.jdbc.JDBC4Connection@47db50c5]
2018-02-24 18:52:53  [ main:770 ] - [ DEBUG ]  Resetting autocommit to true on JDBC Connection [com.mysql.jdbc.JDBC4Connection@47db50c5]
2018-02-24 18:52:53  [ main:771 ] - [ DEBUG ]  Closing JDBC Connection [com.mysql.jdbc.JDBC4Connection@47db50c5]
2018-02-24 18:52:53  [ main:773 ] - [ DEBUG ]  Returned connection 1205555397 to pool.
2018-02-24 18:54:30  [ main:0 ] - [ DEBUG ]  Logging initialized using 'class org.apache.ibatis.logging.slf4j.Slf4jImpl' adapter.
2018-02-24 18:54:30  [ main:134 ] - [ DEBUG ]  PooledDataSource forcefully closed/removed all connections.
2018-02-24 18:54:30  [ main:135 ] - [ DEBUG ]  PooledDataSource forcefully closed/removed all connections.
2018-02-24 18:54:30  [ main:135 ] - [ DEBUG ]  PooledDataSource forcefully closed/removed all connections.
2018-02-24 18:54:30  [ main:135 ] - [ DEBUG ]  PooledDataSource forcefully closed/removed all connections.
2018-02-24 18:54:31  [ main:251 ] - [ DEBUG ]  Opening JDBC Connection
2018-02-24 18:54:31  [ main:600 ] - [ DEBUG ]  Created connection 1205555397.
2018-02-24 18:54:31  [ main:601 ] - [ DEBUG ]  Setting autocommit to false on JDBC Connection [com.mysql.jdbc.JDBC4Connection@47db50c5]
2018-02-24 18:54:31  [ main:604 ] - [ DEBUG ]  ==>  Preparing: SELECT uuid() 
2018-02-24 18:54:31  [ main:662 ] - [ DEBUG ]  ==> Parameters: 
2018-02-24 18:54:31  [ main:709 ] - [ DEBUG ]  <==      Total: 1
2018-02-24 18:54:31  [ main:735 ] - [ DEBUG ]  ==>  Preparing: INSERT INTO idcard(cardId,province,city,usserid) VALUES (? ?,?,2) 
2018-02-24 18:54:31  [ main:736 ] - [ DEBUG ]  ==> Parameters: 206d7156-1951-11e8-be0e-c8d3ffe51ce4(String), 江西(String), 抚州(String)
2018-02-24 18:54:31  [ main:740 ] - [ DEBUG ]  Committing JDBC Connection [com.mysql.jdbc.JDBC4Connection@47db50c5]
2018-02-24 18:54:31  [ main:741 ] - [ DEBUG ]  Resetting autocommit to true on JDBC Connection [com.mysql.jdbc.JDBC4Connection@47db50c5]
2018-02-24 18:54:31  [ main:742 ] - [ DEBUG ]  Closing JDBC Connection [com.mysql.jdbc.JDBC4Connection@47db50c5]
2018-02-24 18:54:31  [ main:744 ] - [ DEBUG ]  Returned connection 1205555397 to pool.
2018-02-24 18:54:34  [ main:0 ] - [ DEBUG ]  Logging initialized using 'class org.apache.ibatis.logging.slf4j.Slf4jImpl' adapter.
2018-02-24 18:54:34  [ main:137 ] - [ DEBUG ]  PooledDataSource forcefully closed/removed all connections.
2018-02-24 18:54:34  [ main:138 ] - [ DEBUG ]  PooledDataSource forcefully closed/removed all connections.
2018-02-24 18:54:34  [ main:138 ] - [ DEBUG ]  PooledDataSource forcefully closed/removed all connections.
2018-02-24 18:54:34  [ main:139 ] - [ DEBUG ]  PooledDataSource forcefully closed/removed all connections.
2018-02-24 18:54:34  [ main:252 ] - [ DEBUG ]  Opening JDBC Connection
2018-02-24 18:54:35  [ main:574 ] - [ DEBUG ]  Created connection 1205555397.
2018-02-24 18:54:35  [ main:575 ] - [ DEBUG ]  Setting autocommit to false on JDBC Connection [com.mysql.jdbc.JDBC4Connection@47db50c5]
2018-02-24 18:54:35  [ main:578 ] - [ DEBUG ]  ==>  Preparing: SELECT uuid() 
2018-02-24 18:54:35  [ main:647 ] - [ DEBUG ]  ==> Parameters: 
2018-02-24 18:54:35  [ main:684 ] - [ DEBUG ]  <==      Total: 1
2018-02-24 18:54:35  [ main:710 ] - [ DEBUG ]  ==>  Preparing: INSERT INTO idcard(cardId,province,city,usserid) VALUES (? ?,?,2) 
2018-02-24 18:54:35  [ main:712 ] - [ DEBUG ]  ==> Parameters: 22b5751a-1951-11e8-be0e-c8d3ffe51ce4(String), 江西(String), 抚州(String)
2018-02-24 18:54:35  [ main:715 ] - [ DEBUG ]  Committing JDBC Connection [com.mysql.jdbc.JDBC4Connection@47db50c5]
2018-02-24 18:54:35  [ main:716 ] - [ DEBUG ]  Resetting autocommit to true on JDBC Connection [com.mysql.jdbc.JDBC4Connection@47db50c5]
2018-02-24 18:54:35  [ main:717 ] - [ DEBUG ]  Closing JDBC Connection [com.mysql.jdbc.JDBC4Connection@47db50c5]
2018-02-24 18:54:35  [ main:719 ] - [ DEBUG ]  Returned connection 1205555397 to pool.
2018-02-24 18:57:10  [ main:0 ] - [ DEBUG ]  Logging initialized using 'class org.apache.ibatis.logging.slf4j.Slf4jImpl' adapter.
2018-02-24 18:57:10  [ main:140 ] - [ DEBUG ]  PooledDataSource forcefully closed/removed all connections.
2018-02-24 18:57:10  [ main:140 ] - [ DEBUG ]  PooledDataSource forcefully closed/removed all connections.
2018-02-24 18:57:10  [ main:141 ] - [ DEBUG ]  PooledDataSource forcefully closed/removed all connections.
2018-02-24 18:57:10  [ main:141 ] - [ DEBUG ]  PooledDataSource forcefully closed/removed all connections.
2018-02-24 18:57:10  [ main:278 ] - [ DEBUG ]  Opening JDBC Connection
2018-02-24 18:57:11  [ main:853 ] - [ DEBUG ]  Created connection 1205555397.
2018-02-24 18:57:11  [ main:853 ] - [ DEBUG ]  Setting autocommit to false on JDBC Connection [com.mysql.jdbc.JDBC4Connection@47db50c5]
2018-02-24 18:57:11  [ main:856 ] - [ DEBUG ]  ==>  Preparing: SELECT uuid() 
2018-02-24 18:57:11  [ main:913 ] - [ DEBUG ]  ==> Parameters: 
2018-02-24 18:57:11  [ main:944 ] - [ DEBUG ]  <==      Total: 1
2018-02-24 18:57:11  [ main:970 ] - [ DEBUG ]  ==>  Preparing: INSERT INTO idcard(cardId,province,city,usserid) VALUES (? ?,?,2) 
2018-02-24 18:57:11  [ main:972 ] - [ DEBUG ]  ==> Parameters: 7fa48d25-1951-11e8-be0e-c8d3ffe51ce4(String), 江西(String), 抚州(String)
2018-02-24 18:57:11  [ main:976 ] - [ DEBUG ]  Committing JDBC Connection [com.mysql.jdbc.JDBC4Connection@47db50c5]
2018-02-24 18:57:11  [ main:977 ] - [ DEBUG ]  Resetting autocommit to true on JDBC Connection [com.mysql.jdbc.JDBC4Connection@47db50c5]
2018-02-24 18:57:11  [ main:978 ] - [ DEBUG ]  Closing JDBC Connection [com.mysql.jdbc.JDBC4Connection@47db50c5]
2018-02-24 18:57:11  [ main:980 ] - [ DEBUG ]  Returned connection 1205555397 to pool.
2018-02-24 19:05:25  [ main:0 ] - [ DEBUG ]  Logging initialized using 'class org.apache.ibatis.logging.slf4j.Slf4jImpl' adapter.
2018-02-24 19:05:25  [ main:149 ] - [ DEBUG ]  PooledDataSource forcefully closed/removed all connections.
2018-02-24 19:05:25  [ main:149 ] - [ DEBUG ]  PooledDataSource forcefully closed/removed all connections.
2018-02-24 19:05:25  [ main:150 ] - [ DEBUG ]  PooledDataSource forcefully closed/removed all connections.
2018-02-24 19:05:25  [ main:151 ] - [ DEBUG ]  PooledDataSource forcefully closed/removed all connections.
2018-02-24 19:05:25  [ main:291 ] - [ DEBUG ]  Opening JDBC Connection
2018-02-24 19:05:25  [ main:631 ] - [ DEBUG ]  Created connection 1205555397.
2018-02-24 19:05:25  [ main:632 ] - [ DEBUG ]  Setting autocommit to false on JDBC Connection [com.mysql.jdbc.JDBC4Connection@47db50c5]
2018-02-24 19:05:26  [ main:636 ] - [ DEBUG ]  ==>  Preparing: SELECT UUID() 
2018-02-24 19:05:26  [ main:704 ] - [ DEBUG ]  ==> Parameters: 
2018-02-24 19:05:26  [ main:724 ] - [ DEBUG ]  <==      Total: 1
2018-02-24 19:05:26  [ main:754 ] - [ DEBUG ]  ==>  Preparing: INSERT INTO idcard(cardId,province,city,usserid) VALUES (? ?,?,2) 
2018-02-24 19:05:26  [ main:755 ] - [ DEBUG ]  ==> Parameters: a697dccb-1952-11e8-be0e-c8d3ffe51ce4(String), 江西(String), 抚州(String)
2018-02-24 19:05:26  [ main:759 ] - [ DEBUG ]  Committing JDBC Connection [com.mysql.jdbc.JDBC4Connection@47db50c5]
2018-02-24 19:05:26  [ main:760 ] - [ DEBUG ]  Resetting autocommit to true on JDBC Connection [com.mysql.jdbc.JDBC4Connection@47db50c5]
2018-02-24 19:05:26  [ main:760 ] - [ DEBUG ]  Closing JDBC Connection [com.mysql.jdbc.JDBC4Connection@47db50c5]
2018-02-24 19:05:26  [ main:762 ] - [ DEBUG ]  Returned connection 1205555397 to pool.
2018-02-24 19:06:08  [ main:0 ] - [ DEBUG ]  Logging initialized using 'class org.apache.ibatis.logging.slf4j.Slf4jImpl' adapter.
2018-02-24 19:06:08  [ main:133 ] - [ DEBUG ]  PooledDataSource forcefully closed/removed all connections.
2018-02-24 19:06:08  [ main:134 ] - [ DEBUG ]  PooledDataSource forcefully closed/removed all connections.
2018-02-24 19:06:08  [ main:134 ] - [ DEBUG ]  PooledDataSource forcefully closed/removed all connections.
2018-02-24 19:06:08  [ main:135 ] - [ DEBUG ]  PooledDataSource forcefully closed/removed all connections.
2018-02-24 19:06:08  [ main:250 ] - [ DEBUG ]  Opening JDBC Connection
2018-02-24 19:06:09  [ main:577 ] - [ DEBUG ]  Created connection 278934944.
2018-02-24 19:06:09  [ main:577 ] - [ DEBUG ]  Setting autocommit to false on JDBC Connection [com.mysql.jdbc.JDBC4Connection@10a035a0]
2018-02-24 19:06:09  [ main:581 ] - [ DEBUG ]  ==>  Preparing: SELECT UUID() 
2018-02-24 19:06:09  [ main:623 ] - [ DEBUG ]  ==> Parameters: 
2018-02-24 19:06:09  [ main:655 ] - [ DEBUG ]  <==      Total: 1
2018-02-24 19:06:09  [ main:656 ] - [ DEBUG ]  ==>  Preparing: INSERT INTO idcard(cardId,province,city,usserid) VALUES (? ?,?,?) 
2018-02-24 19:06:09  [ main:658 ] - [ DEBUG ]  ==> Parameters: c055b3b5-1952-11e8-be0e-c8d3ffe51ce4(String), 江西(String), 抚州(String), 2(Integer)
2018-02-24 19:06:09  [ main:661 ] - [ DEBUG ]  Committing JDBC Connection [com.mysql.jdbc.JDBC4Connection@10a035a0]
2018-02-24 19:06:09  [ main:661 ] - [ DEBUG ]  Resetting autocommit to true on JDBC Connection [com.mysql.jdbc.JDBC4Connection@10a035a0]
2018-02-24 19:06:09  [ main:662 ] - [ DEBUG ]  Closing JDBC Connection [com.mysql.jdbc.JDBC4Connection@10a035a0]
2018-02-24 19:06:09  [ main:664 ] - [ DEBUG ]  Returned connection 278934944 to pool.
2018-02-24 19:07:40  [ main:0 ] - [ DEBUG ]  Logging initialized using 'class org.apache.ibatis.logging.slf4j.Slf4jImpl' adapter.
2018-02-24 19:07:40  [ main:153 ] - [ DEBUG ]  PooledDataSource forcefully closed/removed all connections.
2018-02-24 19:07:40  [ main:153 ] - [ DEBUG ]  PooledDataSource forcefully closed/removed all connections.
2018-02-24 19:07:40  [ main:153 ] - [ DEBUG ]  PooledDataSource forcefully closed/removed all connections.
2018-02-24 19:07:40  [ main:154 ] - [ DEBUG ]  PooledDataSource forcefully closed/removed all connections.
2018-02-24 19:07:41  [ main:298 ] - [ DEBUG ]  Opening JDBC Connection
2018-02-24 19:07:41  [ main:626 ] - [ DEBUG ]  Created connection 278934944.
2018-02-24 19:07:41  [ main:626 ] - [ DEBUG ]  Setting autocommit to false on JDBC Connection [com.mysql.jdbc.JDBC4Connection@10a035a0]
2018-02-24 19:07:41  [ main:630 ] - [ DEBUG ]  ==>  Preparing: SELECT UUID() 
2018-02-24 19:07:41  [ main:680 ] - [ DEBUG ]  ==> Parameters: 
2018-02-24 19:07:41  [ main:709 ] - [ DEBUG ]  <==      Total: 1
2018-02-24 19:07:41  [ main:710 ] - [ DEBUG ]  ==>  Preparing: INSERT INTO idcard(cardId,province,city,usserid) VALUES (? ?,?,?) 
2018-02-24 19:07:41  [ main:712 ] - [ DEBUG ]  ==> Parameters: f74209f1-1952-11e8-be0e-c8d3ffe51ce4(String), 江西(String), 抚州(String), 2(Integer)
2018-02-24 19:07:41  [ main:714 ] - [ DEBUG ]  Committing JDBC Connection [com.mysql.jdbc.JDBC4Connection@10a035a0]
2018-02-24 19:07:41  [ main:715 ] - [ DEBUG ]  Resetting autocommit to true on JDBC Connection [com.mysql.jdbc.JDBC4Connection@10a035a0]
2018-02-24 19:07:41  [ main:716 ] - [ DEBUG ]  Closing JDBC Connection [com.mysql.jdbc.JDBC4Connection@10a035a0]
2018-02-24 19:07:41  [ main:717 ] - [ DEBUG ]  Returned connection 278934944 to pool.
2018-02-24 19:08:36  [ main:0 ] - [ DEBUG ]  Logging initialized using 'class org.apache.ibatis.logging.slf4j.Slf4jImpl' adapter.
2018-02-24 19:08:36  [ main:152 ] - [ DEBUG ]  PooledDataSource forcefully closed/removed all connections.
2018-02-24 19:08:36  [ main:152 ] - [ DEBUG ]  PooledDataSource forcefully closed/removed all connections.
2018-02-24 19:08:36  [ main:153 ] - [ DEBUG ]  PooledDataSource forcefully closed/removed all connections.
2018-02-24 19:08:36  [ main:153 ] - [ DEBUG ]  PooledDataSource forcefully closed/removed all connections.
2018-02-24 19:08:36  [ main:263 ] - [ DEBUG ]  Opening JDBC Connection
2018-02-24 19:08:37  [ main:586 ] - [ DEBUG ]  Created connection 278934944.
2018-02-24 19:08:37  [ main:587 ] - [ DEBUG ]  Setting autocommit to false on JDBC Connection [com.mysql.jdbc.JDBC4Connection@10a035a0]
2018-02-24 19:08:37  [ main:590 ] - [ DEBUG ]  ==>  Preparing: SELECT UUID() 
2018-02-24 19:08:37  [ main:655 ] - [ DEBUG ]  ==> Parameters: 
2018-02-24 19:08:37  [ main:676 ] - [ DEBUG ]  <==      Total: 1
2018-02-24 19:08:37  [ main:678 ] - [ DEBUG ]  ==>  Preparing: INSERT INTO idcard(cardId,province,city,usserid) VALUES (?,?,?,?) 
2018-02-24 19:08:37  [ main:680 ] - [ DEBUG ]  ==> Parameters: 1881bc17-1953-11e8-be0e-c8d3ffe51ce4(String), 江西(String), 抚州(String), 2(Integer)
2018-02-24 19:08:37  [ main:682 ] - [ DEBUG ]  <==    Updates: 1
2018-02-24 19:08:37  [ main:682 ] - [ DEBUG ]  Committing JDBC Connection [com.mysql.jdbc.JDBC4Connection@10a035a0]
2018-02-24 19:08:37  [ main:758 ] - [ DEBUG ]  Resetting autocommit to true on JDBC Connection [com.mysql.jdbc.JDBC4Connection@10a035a0]
2018-02-24 19:08:37  [ main:761 ] - [ DEBUG ]  Closing JDBC Connection [com.mysql.jdbc.JDBC4Connection@10a035a0]
2018-02-24 19:08:37  [ main:762 ] - [ DEBUG ]  Returned connection 278934944 to pool.
